<?xml version="1.0" encoding="UTF-8"?>
<!-- Generated by org.testng.reporters.JUnitXMLReporter -->
<testsuite ignored="25" hostname="DESKTOP-M77CS71" failures="0" tests="1" name="Test" time="81.234" errors="0" timestamp="2022-12-22T11:39:07 IST">
  <testcase classname="com.RightsfuAlly.TestCases.SignInViaSmsWithEmailVerification" name="signInViaSmsByExistingContact" time="50.019"/>
  <testcase classname="com.RightsfuAlly.TestCases.SignInViaSmsWithEmailVerification" name="signInViaSmsWithEmailVerificationByNewOrVerifiedContactAndNewEmail" time="0.0">
    <ignored/>
  </testcase> <!-- signInViaSmsWithEmailVerificationByNewOrVerifiedContactAndNewEmail -->
  <testcase classname="com.RightsfuAlly.TestCases.SignInViaEmailWithMobileVerification" name="signInViaEmailByAssociatedUnverifiedEmail" time="0.0">
    <ignored/>
  </testcase> <!-- signInViaEmailByAssociatedUnverifiedEmail -->
  <testcase classname="com.RightsfuAlly.TestCases.SignInViaEmailWithMobileVerificationLater" name="signInViaEmailWithMobileVerificationLaterByNewOrVerifiedEmailAndVerifiedContact" time="0.0">
    <ignored/>
  </testcase> <!-- signInViaEmailWithMobileVerificationLaterByNewOrVerifiedEmailAndVerifiedContact -->
  <testcase classname="com.RightsfuAlly.TestCases.SignInViaEmailWithMobileVerification" name="signInViaEmailByExistingEmail" time="0.0">
    <ignored/>
  </testcase> <!-- signInViaEmailByExistingEmail -->
  <testcase classname="com.RightsfuAlly.TestCases.SignInViaEmailWithMobileVerification" name="signInViaEmailByAssociatedVerifiedEmail" time="0.0">
    <ignored/>
  </testcase> <!-- signInViaEmailByAssociatedVerifiedEmail -->
  <testcase classname="com.RightsfuAlly.TestCases.SignInViaEmailWithMobileVerificationLater" name="signInViaEmailWithMobileVerificationLaterByNewOrVerifiedEmailAndAssociatedUnverifiedContact" time="0.0">
    <ignored/>
  </testcase> <!-- signInViaEmailWithMobileVerificationLaterByNewOrVerifiedEmailAndAssociatedUnverifiedContact -->
  <testcase classname="com.RightsfuAlly.TestCases.SignInViaSmsWithEmailVerificationLater" name="signInViaSmsWithEmailVerificationLaterByNewOrVerifiedContactAndExistingEmail" time="0.0">
    <ignored/>
  </testcase> <!-- signInViaSmsWithEmailVerificationLaterByNewOrVerifiedContactAndExistingEmail -->
  <testcase classname="com.RightsfuAlly.TestCases.SignInViaSmsWithEmailVerificationLater" name="signInViaSmsWithEmailVerificationLaterByNewOrVerifiedContactAndAssociatedUnverifiedEmail" time="0.0">
    <ignored/>
  </testcase> <!-- signInViaSmsWithEmailVerificationLaterByNewOrVerifiedContactAndAssociatedUnverifiedEmail -->
  <testcase classname="com.RightsfuAlly.TestCases.SignInViaEmailWithMobileVerification" name="signInViaEmailWithMobileVerificationByNewOrVerifiedEmailAndExistingContact" time="0.0">
    <ignored/>
  </testcase> <!-- signInViaEmailWithMobileVerificationByNewOrVerifiedEmailAndExistingContact -->
  <testcase classname="com.RightsfuAlly.TestCases.SignInViaSmsWithEmailVerification" name="signInViaSmsWithEmailVerificationByNewOrVerifiedContactAndAssociatedVerifiedEmail" time="0.0">
    <ignored/>
  </testcase> <!-- signInViaSmsWithEmailVerificationByNewOrVerifiedContactAndAssociatedVerifiedEmail -->
  <testcase classname="com.RightsfuAlly.TestCases.SignInViaSmsWithEmailVerification" name="signInViaSmsByAssociatedUnverifiedContact" time="0.0">
    <ignored/>
  </testcase> <!-- signInViaSmsByAssociatedUnverifiedContact -->
  <testcase classname="com.RightsfuAlly.TestCases.SignInViaSmsWithEmailVerification" name="signInViaSmsWithEmailVerificationByNewOrVerifiedContactAndVerifiedEmail" time="0.0">
    <ignored/>
  </testcase> <!-- signInViaSmsWithEmailVerificationByNewOrVerifiedContactAndVerifiedEmail -->
  <testcase classname="com.RightsfuAlly.TestCases.SignInViaEmailWithMobileVerificationLater" name="signInViaEmailWithMobileVerificationLaterByNewOrVerifiedEmailAndExistingContact" time="0.0">
    <ignored/>
  </testcase> <!-- signInViaEmailWithMobileVerificationLaterByNewOrVerifiedEmailAndExistingContact -->
  <testcase classname="com.RightsfuAlly.TestCases.SignInViaEmailWithMobileVerification" name="signInViaEmailWithMobileVerificationByNewOrVerifiedEmailAndAssociatedVerifiedContact" time="0.0">
    <ignored/>
  </testcase> <!-- signInViaEmailWithMobileVerificationByNewOrVerifiedEmailAndAssociatedVerifiedContact -->
  <testcase classname="com.RightsfuAlly.TestCases.SignInViaSmsWithEmailVerification" name="signInViaSmsWithEmailVerificationByNewOrVerifiedContactAndExistingEmail" time="0.0">
    <ignored/>
  </testcase> <!-- signInViaSmsWithEmailVerificationByNewOrVerifiedContactAndExistingEmail -->
  <testcase classname="com.RightsfuAlly.TestCases.SignInViaEmailWithMobileVerification" name="signInViaEmailWithMobileVerificationByNewOrVerifiedEmailAndAssociatedUnverifiedContact" time="0.0">
    <ignored/>
  </testcase> <!-- signInViaEmailWithMobileVerificationByNewOrVerifiedEmailAndAssociatedUnverifiedContact -->
  <testcase classname="com.RightsfuAlly.TestCases.SignInViaEmailWithMobileVerificationLater" name="signInViaEmailWithMobileVerificationLaterByNewOrVerifiedEmailAndAssociatedVerifiedContact" time="0.0">
    <ignored/>
  </testcase> <!-- signInViaEmailWithMobileVerificationLaterByNewOrVerifiedEmailAndAssociatedVerifiedContact -->
  <testcase classname="com.RightsfuAlly.TestCases.SignInViaSmsWithEmailVerification" name="signInViaSmsWithEmailVerificationByNewOrVerifiedContactAndAssociatedUnverifiedEmail" time="0.0">
    <ignored/>
  </testcase> <!-- signInViaSmsWithEmailVerificationByNewOrVerifiedContactAndAssociatedUnverifiedEmail -->
  <testcase classname="com.RightsfuAlly.TestCases.SignInViaEmailWithMobileVerificationLater" name="signInViaEmailWithMobileVerificationLaterByNewOrVerifiedEmailAndNewContact" time="0.0">
    <ignored/>
  </testcase> <!-- signInViaEmailWithMobileVerificationLaterByNewOrVerifiedEmailAndNewContact -->
  <testcase classname="com.RightsfuAlly.TestCases.SignInViaSmsWithEmailVerificationLater" name="signInViaSmsWithEmailVerificationLaterByNewOrVerifiedContactAndAssociatedVerifiedEmail" time="0.0">
    <ignored/>
  </testcase> <!-- signInViaSmsWithEmailVerificationLaterByNewOrVerifiedContactAndAssociatedVerifiedEmail -->
  <testcase classname="com.RightsfuAlly.TestCases.SignInViaSmsWithEmailVerificationLater" name="signInViaSmsWithEmailVerificationLaterByNewOrVerifiedContactAndVerifiedEmail" time="0.0">
    <ignored/>
  </testcase> <!-- signInViaSmsWithEmailVerificationLaterByNewOrVerifiedContactAndVerifiedEmail -->
  <testcase classname="com.RightsfuAlly.TestCases.SignInViaEmailWithMobileVerification" name="signInViaEmailWithMobileVerificationByNewOrVerifiedEmailAndVerifiedContact" time="0.0">
    <ignored/>
  </testcase> <!-- signInViaEmailWithMobileVerificationByNewOrVerifiedEmailAndVerifiedContact -->
  <testcase classname="com.RightsfuAlly.TestCases.SignInViaEmailWithMobileVerification" name="signInViaEmailWithMobileVerificationByNewOrVerifiedEmailAndNewContact" time="0.0">
    <ignored/>
  </testcase> <!-- signInViaEmailWithMobileVerificationByNewOrVerifiedEmailAndNewContact -->
  <testcase classname="com.RightsfuAlly.TestCases.SignInViaSmsWithEmailVerification" name="signInViaSmsByAssociatedVerifiedContact" time="0.0">
    <ignored/>
  </testcase> <!-- signInViaSmsByAssociatedVerifiedContact -->
  <testcase classname="com.RightsfuAlly.TestCases.SignInViaSmsWithEmailVerificationLater" name="signInViaSMSWithEmailVerificationLaterByNewOrVerifiedContactAndNewEmail" time="0.0">
    <ignored/>
  </testcase> <!-- signInViaSMSWithEmailVerificationLaterByNewOrVerifiedContactAndNewEmail -->
</testsuite> <!-- Test -->
