<?xml version="1.0" encoding="UTF-8"?>
<testng-results ignored="25" total="26" passed="1" failed="0" skipped="0">
  <reporter-output>
  </reporter-output>
  <suite started-at="2022-12-22T11:37:43 IST" name="Suite" finished-at="2022-12-22T11:39:05 IST" duration-ms="81234">
    <groups>
    </groups>
    <test started-at="2022-12-22T11:37:43 IST" name="Test" finished-at="2022-12-22T11:39:05 IST" duration-ms="81234">
      <class name="com.RightsfuAlly.TestCases.SignInViaSmsWithEmailVerification">
        <test-method is-config="true" signature="urlSetUp()[pri:0, instance:com.RightsfuAlly.TestCases.SignInViaSmsWithEmailVerification@791f145a]" started-at="2022-12-22T11:37:53 IST" name="urlSetUp" finished-at="2022-12-22T11:38:11 IST" duration-ms="18407" status="PASS">
          <reporter-output>
          </reporter-output>
        </test-method> <!-- urlSetUp -->
        <test-method signature="signInViaSmsByExistingContact(java.lang.String,java.lang.String)[pri:0, instance:com.RightsfuAlly.TestCases.SignInViaSmsWithEmailVerification@791f145a]" started-at="2022-12-22T11:38:11 IST" name="signInViaSmsByExistingContact" data-provider="LoginData" finished-at="2022-12-22T11:39:01 IST" duration-ms="50019" status="PASS">
          <params>
            <param index="0">
              <value>
                <![CDATA[6234567890]]>
              </value>
            </param>
            <param index="1">
              <value>
                <![CDATA[fbc@def.com]]>
              </value>
            </param>
          </params>
          <reporter-output>
          </reporter-output>
        </test-method> <!-- signInViaSmsByExistingContact -->
      </class> <!-- com.RightsfuAlly.TestCases.SignInViaSmsWithEmailVerification -->
    </test> <!-- Test -->
  </suite> <!-- Suite -->
</testng-results>
